Arguments: 
  /usr/local/bin/node /opt/webOS_TV_SDK/CLI/bin/yarn lint

PATH: 
  /usr/local/bin:/opt/webOS_TV_SDK/CLI/bin:/usr/local/bin:/usr/bin:/bin:/usr/sbin:/sbin:/opt/webOS_TV_SDK/CLI/bin:/Users/acetoute/tools/tizen/tizen-studio/tools/ide/bin:/Users/acetoute/tools/tizen/tizen-studio/tools:/Users/acetoute/tools/tizen/tizen-studio/tools/ide/bin:/Users/acetoute/tools/tizen/tizen-studio/tools

Yarn version: 
  1.22.17

Node version: 
  14.18.1

Platform: 
  darwin x64

Trace: 
  SyntaxError: /Users/acetoute/Sites/timestamp-utils/package.json: Unexpected token } in JSON at position 609
      at JSON.parse (<anonymous>)
      at /opt/webOS_TV_SDK/CLI/lib/node_modules/yarn/lib/cli.js:1625:59
      at Generator.next (<anonymous>)
      at step (/opt/webOS_TV_SDK/CLI/lib/node_modules/yarn/lib/cli.js:310:30)
      at /opt/webOS_TV_SDK/CLI/lib/node_modules/yarn/lib/cli.js:321:13

npm manifest: 
  {
    "name": "timestamp-utils",
    "version": "2.1.0",
    "description": "⏱️ An anwsome and tiny util package for timestamp without dependencies",
    "main": "dist/index.js",
    "files": [
      "/dist"
    ],
    "repository": {
      "type": "git",
      "url": "git+https://github.com/arncet/timestamp-utils.git"
    },
    "ava": {
      "require": [
        "@babel/register"
      ]
    },
    "xo": {
      "semicolon": false,
      "space": true,
      "rules": {
        "curly": [
          2,
          "multi"
        ],
        "object-curly-spacing": [
          2,
          "always"
        ],
        "import/extensions": { "js": "never" },
      }
    },
    "husky": {
      "hooks": {
        "pre-commit": "npm run lint && npm run test"
      }
    },
    "size-limit": [
      {
        "limit": "1.5 KB",
        "path": "dist/index.js"
      }
    ],
    "scripts": {
      "build": "rollup -c",
      "watch": "rollup -c --watch",
      "size": "npx size-limit",
      "test": "ava",
      "lint": "xo src",
      "prepublishOnly": "npm run lint && npm run test && npm run build && npm run size",
      "prepare": "husky install"
    },
    "keywords": [
      "timestamp",
      "utils",
      "date",
      "timezone"
    ],
    "author": "Arnaud CETOUTE <arnaud.cetoute@hotmail.fr>",
    "license": "MIT",
    "devDependencies": {
      "@babel/core": "7.18.6",
      "@babel/plugin-proposal-object-rest-spread": "7.18.6",
      "@babel/preset-env": "7.18.6",
      "@babel/register": "7.18.6",
      "@size-limit/preset-small-lib": "7.0.8",
      "ava": "4.3.1",
      "husky": "8.0.1",
      "rollup": "2.76.0",
      "rollup-plugin-babel": "4.4.0",
      "rollup-plugin-uglify": "6.0.4",
      "size-limit": "7.0.8",
      "xo": "0.50.0"
    }
  }

yarn manifest: 
  No manifest

Lockfile: 
  No lockfile
